2025-06-01 01:20:34 [INFO] app.logger_config:153 - configure_logging(): Logging configured - Level: INFO, Format: detailed, File: True
Info: Company leave routes v2 not available - continuing without them
Info: Company leave legacy adapter not available - continuing without them
Info: Project attributes routes v2 not available - continuing without them
Info: Employee leave routes v2 not available - continuing without them
Info: Company leave v1 controller not available - continuing without them
Info: Organization controller not available - continuing without them
2025-06-01 01:20:37 [INFO] app.main:180 - <module>(): Registering SOLID v2 routes...
2025-06-01 01:20:37 [INFO] app.main:211 - <module>(): ✅ Legacy auth compatibility route registered
2025-06-01 01:20:37 [INFO] app.main:220 - <module>(): ✅ Critical routes registered: taxation, payout, user management
2025-06-01 01:20:38 [INFO] app.main:225 - <module>(): ✅ Reimbursement routes v2 registered
2025-06-01 01:20:38 [INFO] app.main:229 - <module>(): ✅ Attendance routes v2 registered
2025-06-01 01:20:38 [INFO] app.main:233 - <module>(): ✅ Public holiday routes v2 registered
2025-06-01 01:20:38 [INFO] uvicorn.error:83 - _serve(): Started server process [6299]
2025-06-01 01:20:38 [INFO] uvicorn.error:48 - startup(): Waiting for application startup.
2025-06-01 01:20:38 [INFO] app.main:131 - lifespan(): Running startup tasks...
2025-06-01 01:20:38 [INFO] app.main:136 - lifespan(): Dependency container initialized
2025-06-01 01:20:38 [INFO] app.main:143 - lifespan(): Organization system initialized successfully
2025-06-01 01:20:38 [INFO] uvicorn.error:62 - startup(): Application startup complete.
2025-06-01 01:20:38 [INFO] uvicorn.error:215 - _log_started_message(): Uvicorn running on http://0.0.0.0:8001 (Press CTRL+C to quit)
2025-06-01 01:20:39 [INFO] uvicorn.access:473 - send(): 127.0.0.1:61603 - "POST /api/v2/attendance/checkin HTTP/1.1" 401
2025-06-01 01:20:41 [INFO] uvicorn.error:263 - shutdown(): Shutting down
2025-06-01 01:20:41 [INFO] uvicorn.error:67 - shutdown(): Waiting for application shutdown.
2025-06-01 01:20:41 [INFO] app.main:149 - lifespan(): Running shutdown tasks...
2025-06-01 01:20:41 [INFO] uvicorn.error:76 - shutdown(): Application shutdown complete.
2025-06-01 01:20:41 [INFO] uvicorn.error:93 - _serve(): Finished server process [6299]
