2025-06-03 16:44:01 [INFO] app.logger_config:153 - configure_logging(): Logging configured - Level: INFO, Format: detailed, File: True
2025-06-03 16:44:06 [INFO] app.main:79 - <module>(): ✅ Critical routes registered: taxation, payout, user management, reimbursement, attendance, public holidays, employee leave, company leave, project attributes
2025-06-03 16:44:06 [INFO] uvicorn.error:83 - _serve(): Started server process [5605]
2025-06-03 16:44:06 [INFO] uvicorn.error:48 - startup(): Waiting for application startup.
2025-06-03 16:44:06 [INFO] app.main:36 - lifespan(): Running startup tasks...
2025-06-03 16:44:06 [INFO] uvicorn.error:62 - startup(): Application startup complete.
2025-06-03 16:44:48 [INFO] uvicorn.error:263 - shutdown(): Shutting down
2025-06-03 16:44:49 [INFO] uvicorn.error:67 - shutdown(): Waiting for application shutdown.
2025-06-03 16:44:49 [INFO] app.main:38 - lifespan(): Running shutdown tasks...
2025-06-03 16:44:49 [INFO] uvicorn.error:76 - shutdown(): Application shutdown complete.
2025-06-03 16:44:49 [INFO] uvicorn.error:93 - _serve(): Finished server process [5605]
2025-06-03 16:44:55 [INFO] app.logger_config:153 - configure_logging(): Logging configured - Level: INFO, Format: detailed, File: True
2025-06-03 16:45:05 [INFO] app.main:79 - <module>(): ✅ Critical routes registered: taxation, payout, user management, reimbursement, attendance, public holidays, employee leave, company leave, project attributes
2025-06-03 16:45:05 [INFO] uvicorn.error:83 - _serve(): Started server process [5645]
2025-06-03 16:45:05 [INFO] uvicorn.error:48 - startup(): Waiting for application startup.
2025-06-03 16:45:05 [INFO] app.main:36 - lifespan(): Running startup tasks...
2025-06-03 16:45:05 [INFO] uvicorn.error:62 - startup(): Application startup complete.
2025-06-03 16:45:13 [INFO] app.logger_config:153 - configure_logging(): Logging configured - Level: INFO, Format: detailed, File: True
2025-06-03 16:45:19 [INFO] app.main:79 - <module>(): ✅ Critical routes registered: taxation, payout, user management, reimbursement, attendance, public holidays, employee leave, company leave, project attributes
2025-06-03 16:45:19 [INFO] uvicorn.error:83 - _serve(): Started server process [5666]
2025-06-03 16:45:19 [INFO] uvicorn.error:48 - startup(): Waiting for application startup.
2025-06-03 16:45:19 [INFO] app.main:36 - lifespan(): Running startup tasks...
2025-06-03 16:45:19 [INFO] uvicorn.error:62 - startup(): Application startup complete.
2025-06-03 16:45:23 [INFO] app.logger_config:153 - configure_logging(): Logging configured - Level: INFO, Format: detailed, File: True
2025-06-03 16:45:29 [INFO] app.main:79 - <module>(): ✅ Critical routes registered: taxation, payout, user management, reimbursement, attendance, public holidays, employee leave, company leave, project attributes
2025-06-03 16:45:29 [INFO] uvicorn.error:83 - _serve(): Started server process [5681]
2025-06-03 16:45:29 [INFO] uvicorn.error:48 - startup(): Waiting for application startup.
2025-06-03 16:45:29 [INFO] app.main:36 - lifespan(): Running startup tasks...
2025-06-03 16:45:29 [INFO] uvicorn.error:62 - startup(): Application startup complete.
2025-06-03 16:45:31 [INFO] uvicorn.error:263 - shutdown(): Shutting down
2025-06-03 16:45:31 [INFO] uvicorn.error:67 - shutdown(): Waiting for application shutdown.
2025-06-03 16:45:31 [INFO] app.main:38 - lifespan(): Running shutdown tasks...
2025-06-03 16:45:31 [INFO] uvicorn.error:76 - shutdown(): Application shutdown complete.
2025-06-03 16:45:31 [INFO] uvicorn.error:93 - _serve(): Finished server process [5681]
2025-06-03 16:45:37 [INFO] app.logger_config:153 - configure_logging(): Logging configured - Level: INFO, Format: detailed, File: True
2025-06-03 16:45:45 [INFO] app.main:79 - <module>(): ✅ Critical routes registered: taxation, payout, user management, reimbursement, attendance, public holidays, employee leave, company leave, project attributes
2025-06-03 16:45:45 [INFO] uvicorn.error:83 - _serve(): Started server process [5701]
2025-06-03 16:45:45 [INFO] uvicorn.error:48 - startup(): Waiting for application startup.
2025-06-03 16:45:45 [INFO] app.main:36 - lifespan(): Running startup tasks...
2025-06-03 16:45:45 [INFO] uvicorn.error:62 - startup(): Application startup complete.
2025-06-03 16:45:51 [INFO] app.logger_config:153 - configure_logging(): Logging configured - Level: INFO, Format: detailed, File: True
2025-06-03 16:45:57 [INFO] app.main:79 - <module>(): ✅ Critical routes registered: taxation, payout, user management, reimbursement, attendance, public holidays, employee leave, company leave, project attributes
2025-06-03 16:45:57 [INFO] uvicorn.error:83 - _serve(): Started server process [5719]
2025-06-03 16:45:57 [INFO] uvicorn.error:48 - startup(): Waiting for application startup.
2025-06-03 16:45:57 [INFO] app.main:36 - lifespan(): Running startup tasks...
2025-06-03 16:45:57 [INFO] uvicorn.error:62 - startup(): Application startup complete.
2025-06-03 16:46:03 [INFO] app.logger_config:153 - configure_logging(): Logging configured - Level: INFO, Format: detailed, File: True
2025-06-03 16:46:08 [INFO] app.main:79 - <module>(): ✅ Critical routes registered: taxation, payout, user management, reimbursement, attendance, public holidays, employee leave, company leave, project attributes
2025-06-03 16:46:08 [INFO] uvicorn.error:83 - _serve(): Started server process [5734]
2025-06-03 16:46:08 [INFO] uvicorn.error:48 - startup(): Waiting for application startup.
2025-06-03 16:46:08 [INFO] app.main:36 - lifespan(): Running startup tasks...
2025-06-03 16:46:08 [INFO] uvicorn.error:62 - startup(): Application startup complete.
2025-06-03 16:46:14 [INFO] app.logger_config:153 - configure_logging(): Logging configured - Level: INFO, Format: detailed, File: True
2025-06-03 16:46:20 [INFO] app.main:79 - <module>(): ✅ Critical routes registered: taxation, payout, user management, reimbursement, attendance, public holidays, employee leave, company leave, project attributes
2025-06-03 16:46:20 [INFO] uvicorn.error:83 - _serve(): Started server process [5748]
2025-06-03 16:46:20 [INFO] uvicorn.error:48 - startup(): Waiting for application startup.
2025-06-03 16:46:20 [INFO] app.main:36 - lifespan(): Running startup tasks...
2025-06-03 16:46:20 [INFO] uvicorn.error:62 - startup(): Application startup complete.
2025-06-03 16:46:24 [INFO] app.logger_config:153 - configure_logging(): Logging configured - Level: INFO, Format: detailed, File: True
2025-06-03 16:46:29 [INFO] app.main:79 - <module>(): ✅ Critical routes registered: taxation, payout, user management, reimbursement, attendance, public holidays, employee leave, company leave, project attributes
2025-06-03 16:46:29 [INFO] uvicorn.error:83 - _serve(): Started server process [5762]
2025-06-03 16:46:29 [INFO] uvicorn.error:48 - startup(): Waiting for application startup.
2025-06-03 16:46:29 [INFO] app.main:36 - lifespan(): Running startup tasks...
2025-06-03 16:46:29 [INFO] uvicorn.error:62 - startup(): Application startup complete.
2025-06-03 16:46:37 [INFO] uvicorn.error:263 - shutdown(): Shutting down
2025-06-03 16:46:37 [INFO] uvicorn.error:67 - shutdown(): Waiting for application shutdown.
2025-06-03 16:46:37 [INFO] app.main:38 - lifespan(): Running shutdown tasks...
2025-06-03 16:46:37 [INFO] uvicorn.error:76 - shutdown(): Application shutdown complete.
2025-06-03 16:46:37 [INFO] uvicorn.error:93 - _serve(): Finished server process [5762]
2025-06-03 16:46:44 [INFO] app.logger_config:153 - configure_logging(): Logging configured - Level: INFO, Format: detailed, File: True
2025-06-03 16:46:52 [INFO] app.main:79 - <module>(): ✅ Critical routes registered: taxation, payout, user management, reimbursement, attendance, public holidays, employee leave, company leave, project attributes
2025-06-03 16:46:52 [INFO] uvicorn.error:83 - _serve(): Started server process [5773]
2025-06-03 16:46:52 [INFO] uvicorn.error:48 - startup(): Waiting for application startup.
2025-06-03 16:46:52 [INFO] app.main:36 - lifespan(): Running startup tasks...
2025-06-03 16:46:52 [INFO] uvicorn.error:62 - startup(): Application startup complete.
2025-06-03 16:46:57 [INFO] app.logger_config:153 - configure_logging(): Logging configured - Level: INFO, Format: detailed, File: True
2025-06-03 16:47:04 [INFO] app.main:79 - <module>(): ✅ Critical routes registered: taxation, payout, user management, reimbursement, attendance, public holidays, employee leave, company leave, project attributes
2025-06-03 16:47:04 [INFO] uvicorn.error:83 - _serve(): Started server process [5789]
2025-06-03 16:47:04 [INFO] uvicorn.error:48 - startup(): Waiting for application startup.
2025-06-03 16:47:04 [INFO] app.main:36 - lifespan(): Running startup tasks...
2025-06-03 16:47:04 [INFO] uvicorn.error:62 - startup(): Application startup complete.
2025-06-03 16:47:04 [INFO] uvicorn.error:263 - shutdown(): Shutting down
2025-06-03 16:47:04 [INFO] uvicorn.error:67 - shutdown(): Waiting for application shutdown.
2025-06-03 16:47:04 [INFO] app.main:38 - lifespan(): Running shutdown tasks...
2025-06-03 16:47:04 [INFO] uvicorn.error:76 - shutdown(): Application shutdown complete.
2025-06-03 16:47:04 [INFO] uvicorn.error:93 - _serve(): Finished server process [5789]
2025-06-03 16:47:10 [INFO] app.logger_config:153 - configure_logging(): Logging configured - Level: INFO, Format: detailed, File: True
2025-06-03 16:47:15 [INFO] app.main:79 - <module>(): ✅ Critical routes registered: taxation, payout, user management, reimbursement, attendance, public holidays, employee leave, company leave, project attributes
2025-06-03 16:47:15 [INFO] uvicorn.error:83 - _serve(): Started server process [5802]
2025-06-03 16:47:15 [INFO] uvicorn.error:48 - startup(): Waiting for application startup.
2025-06-03 16:47:15 [INFO] app.main:36 - lifespan(): Running startup tasks...
2025-06-03 16:47:15 [INFO] uvicorn.error:62 - startup(): Application startup complete.
2025-06-03 16:48:08 [INFO] uvicorn.error:263 - shutdown(): Shutting down
2025-06-03 16:48:08 [INFO] uvicorn.error:67 - shutdown(): Waiting for application shutdown.
2025-06-03 16:48:08 [INFO] app.main:38 - lifespan(): Running shutdown tasks...
2025-06-03 16:48:08 [INFO] uvicorn.error:76 - shutdown(): Application shutdown complete.
2025-06-03 16:48:08 [INFO] uvicorn.error:93 - _serve(): Finished server process [5802]
2025-06-03 16:48:13 [INFO] app.logger_config:153 - configure_logging(): Logging configured - Level: INFO, Format: detailed, File: True
2025-06-03 16:48:20 [INFO] app.main:79 - <module>(): ✅ Critical routes registered: taxation, payout, user management, reimbursement, attendance, public holidays, employee leave, company leave, project attributes
2025-06-03 16:48:20 [INFO] uvicorn.error:83 - _serve(): Started server process [5835]
2025-06-03 16:48:20 [INFO] uvicorn.error:48 - startup(): Waiting for application startup.
2025-06-03 16:48:20 [INFO] app.main:36 - lifespan(): Running startup tasks...
2025-06-03 16:48:20 [INFO] uvicorn.error:62 - startup(): Application startup complete.
2025-06-03 16:48:22 [INFO] uvicorn.error:263 - shutdown(): Shutting down
2025-06-03 16:48:22 [INFO] uvicorn.error:67 - shutdown(): Waiting for application shutdown.
2025-06-03 16:48:22 [INFO] app.main:38 - lifespan(): Running shutdown tasks...
2025-06-03 16:48:22 [INFO] uvicorn.error:76 - shutdown(): Application shutdown complete.
2025-06-03 16:48:22 [INFO] uvicorn.error:93 - _serve(): Finished server process [5835]
2025-06-03 16:48:28 [INFO] app.logger_config:153 - configure_logging(): Logging configured - Level: INFO, Format: detailed, File: True
2025-06-03 16:48:37 [INFO] app.main:79 - <module>(): ✅ Critical routes registered: taxation, payout, user management, reimbursement, attendance, public holidays, employee leave, company leave, project attributes
2025-06-03 16:48:37 [INFO] uvicorn.error:83 - _serve(): Started server process [5851]
2025-06-03 16:48:37 [INFO] uvicorn.error:48 - startup(): Waiting for application startup.
2025-06-03 16:48:37 [INFO] app.main:36 - lifespan(): Running startup tasks...
2025-06-03 16:48:37 [INFO] uvicorn.error:62 - startup(): Application startup complete.
2025-06-03 16:48:44 [INFO] app.logger_config:153 - configure_logging(): Logging configured - Level: INFO, Format: detailed, File: True
2025-06-03 16:48:50 [INFO] app.main:79 - <module>(): ✅ Critical routes registered: taxation, payout, user management, reimbursement, attendance, public holidays, employee leave, company leave, project attributes
2025-06-03 16:48:50 [INFO] uvicorn.error:83 - _serve(): Started server process [5873]
2025-06-03 16:48:50 [INFO] uvicorn.error:48 - startup(): Waiting for application startup.
2025-06-03 16:48:50 [INFO] app.main:36 - lifespan(): Running startup tasks...
2025-06-03 16:48:50 [INFO] uvicorn.error:62 - startup(): Application startup complete.
2025-06-03 16:48:56 [INFO] app.logger_config:153 - configure_logging(): Logging configured - Level: INFO, Format: detailed, File: True
2025-06-03 16:49:00 [INFO] app.main:79 - <module>(): ✅ Critical routes registered: taxation, payout, user management, reimbursement, attendance, public holidays, employee leave, company leave, project attributes
2025-06-03 16:49:00 [INFO] uvicorn.error:83 - _serve(): Started server process [5892]
2025-06-03 16:49:00 [INFO] uvicorn.error:48 - startup(): Waiting for application startup.
2025-06-03 16:49:00 [INFO] app.main:36 - lifespan(): Running startup tasks...
2025-06-03 16:49:00 [INFO] uvicorn.error:62 - startup(): Application startup complete.
2025-06-03 16:49:08 [INFO] uvicorn.error:263 - shutdown(): Shutting down
2025-06-03 16:49:08 [INFO] uvicorn.error:67 - shutdown(): Waiting for application shutdown.
2025-06-03 16:49:08 [INFO] app.main:38 - lifespan(): Running shutdown tasks...
2025-06-03 16:49:08 [INFO] uvicorn.error:76 - shutdown(): Application shutdown complete.
2025-06-03 16:49:08 [INFO] uvicorn.error:93 - _serve(): Finished server process [5892]
2025-06-03 16:49:14 [INFO] app.logger_config:153 - configure_logging(): Logging configured - Level: INFO, Format: detailed, File: True
2025-06-03 16:49:20 [INFO] app.main:79 - <module>(): ✅ Critical routes registered: taxation, payout, user management, reimbursement, attendance, public holidays, employee leave, company leave, project attributes
2025-06-03 16:49:20 [INFO] uvicorn.error:83 - _serve(): Started server process [5907]
2025-06-03 16:49:20 [INFO] uvicorn.error:48 - startup(): Waiting for application startup.
2025-06-03 16:49:20 [INFO] app.main:36 - lifespan(): Running startup tasks...
2025-06-03 16:49:20 [INFO] uvicorn.error:62 - startup(): Application startup complete.
2025-06-03 16:49:24 [INFO] app.logger_config:153 - configure_logging(): Logging configured - Level: INFO, Format: detailed, File: True
2025-06-03 16:49:32 [INFO] app.main:79 - <module>(): ✅ Critical routes registered: taxation, payout, user management, reimbursement, attendance, public holidays, employee leave, company leave, project attributes
2025-06-03 16:49:32 [INFO] uvicorn.error:83 - _serve(): Started server process [5923]
2025-06-03 16:49:32 [INFO] uvicorn.error:48 - startup(): Waiting for application startup.
2025-06-03 16:49:32 [INFO] app.main:36 - lifespan(): Running startup tasks...
2025-06-03 16:49:32 [INFO] uvicorn.error:62 - startup(): Application startup complete.
2025-06-03 16:49:37 [INFO] app.logger_config:153 - configure_logging(): Logging configured - Level: INFO, Format: detailed, File: True
2025-06-03 16:49:44 [INFO] app.main:79 - <module>(): ✅ Critical routes registered: taxation, payout, user management, reimbursement, attendance, public holidays, employee leave, company leave, project attributes
2025-06-03 16:49:44 [INFO] uvicorn.error:83 - _serve(): Started server process [5936]
2025-06-03 16:49:44 [INFO] uvicorn.error:48 - startup(): Waiting for application startup.
2025-06-03 16:49:44 [INFO] app.main:36 - lifespan(): Running startup tasks...
2025-06-03 16:49:44 [INFO] uvicorn.error:62 - startup(): Application startup complete.
2025-06-03 16:49:48 [INFO] app.logger_config:153 - configure_logging(): Logging configured - Level: INFO, Format: detailed, File: True
2025-06-03 16:49:55 [INFO] app.main:79 - <module>(): ✅ Critical routes registered: taxation, payout, user management, reimbursement, attendance, public holidays, employee leave, company leave, project attributes
2025-06-03 16:49:55 [INFO] uvicorn.error:83 - _serve(): Started server process [5953]
2025-06-03 16:49:55 [INFO] uvicorn.error:48 - startup(): Waiting for application startup.
2025-06-03 16:49:55 [INFO] app.main:36 - lifespan(): Running startup tasks...
2025-06-03 16:49:55 [INFO] uvicorn.error:62 - startup(): Application startup complete.
2025-06-03 16:50:01 [INFO] app.logger_config:153 - configure_logging(): Logging configured - Level: INFO, Format: detailed, File: True
2025-06-03 16:50:09 [INFO] app.main:79 - <module>(): ✅ Critical routes registered: taxation, payout, user management, reimbursement, attendance, public holidays, employee leave, company leave, project attributes
2025-06-03 16:50:09 [INFO] uvicorn.error:83 - _serve(): Started server process [5969]
2025-06-03 16:50:09 [INFO] uvicorn.error:48 - startup(): Waiting for application startup.
2025-06-03 16:50:09 [INFO] app.main:36 - lifespan(): Running startup tasks...
2025-06-03 16:50:09 [INFO] uvicorn.error:62 - startup(): Application startup complete.
2025-06-03 16:50:19 [INFO] uvicorn.error:263 - shutdown(): Shutting down
2025-06-03 16:50:20 [INFO] uvicorn.error:67 - shutdown(): Waiting for application shutdown.
2025-06-03 16:50:20 [INFO] app.main:38 - lifespan(): Running shutdown tasks...
2025-06-03 16:50:20 [INFO] uvicorn.error:76 - shutdown(): Application shutdown complete.
2025-06-03 16:50:20 [INFO] uvicorn.error:93 - _serve(): Finished server process [5969]
2025-06-03 16:50:24 [INFO] app.logger_config:153 - configure_logging(): Logging configured - Level: INFO, Format: detailed, File: True
2025-06-03 16:50:32 [INFO] app.main:79 - <module>(): ✅ Critical routes registered: taxation, payout, user management, reimbursement, attendance, public holidays, employee leave, company leave, project attributes
2025-06-03 16:50:32 [INFO] uvicorn.error:83 - _serve(): Started server process [5997]
2025-06-03 16:50:32 [INFO] uvicorn.error:48 - startup(): Waiting for application startup.
2025-06-03 16:50:32 [INFO] app.main:36 - lifespan(): Running startup tasks...
2025-06-03 16:50:32 [INFO] uvicorn.error:62 - startup(): Application startup complete.
2025-06-03 16:50:36 [INFO] app.logger_config:153 - configure_logging(): Logging configured - Level: INFO, Format: detailed, File: True
2025-06-03 16:50:41 [INFO] app.main:79 - <module>(): ✅ Critical routes registered: taxation, payout, user management, reimbursement, attendance, public holidays, employee leave, company leave, project attributes
2025-06-03 16:50:41 [INFO] uvicorn.error:83 - _serve(): Started server process [6015]
2025-06-03 16:50:41 [INFO] uvicorn.error:48 - startup(): Waiting for application startup.
2025-06-03 16:50:41 [INFO] app.main:36 - lifespan(): Running startup tasks...
2025-06-03 16:50:41 [INFO] uvicorn.error:62 - startup(): Application startup complete.
2025-06-03 16:51:11 [INFO] uvicorn.error:263 - shutdown(): Shutting down
2025-06-03 16:51:11 [INFO] uvicorn.error:67 - shutdown(): Waiting for application shutdown.
2025-06-03 16:51:11 [INFO] app.main:38 - lifespan(): Running shutdown tasks...
2025-06-03 16:51:11 [INFO] uvicorn.error:76 - shutdown(): Application shutdown complete.
2025-06-03 16:51:11 [INFO] uvicorn.error:93 - _serve(): Finished server process [6015]
2025-06-03 16:51:14 [INFO] app.logger_config:153 - configure_logging(): Logging configured - Level: INFO, Format: detailed, File: True
2025-06-03 16:51:19 [INFO] app.main:79 - <module>(): ✅ Critical routes registered: taxation, payout, user management, reimbursement, attendance, public holidays, employee leave, company leave, project attributes
2025-06-03 16:51:19 [INFO] uvicorn.error:83 - _serve(): Started server process [6026]
2025-06-03 16:51:19 [INFO] uvicorn.error:48 - startup(): Waiting for application startup.
2025-06-03 16:51:19 [INFO] app.main:36 - lifespan(): Running startup tasks...
2025-06-03 16:51:19 [INFO] uvicorn.error:62 - startup(): Application startup complete.
2025-06-03 16:51:38 [INFO] uvicorn.error:263 - shutdown(): Shutting down
2025-06-03 16:51:38 [INFO] uvicorn.error:67 - shutdown(): Waiting for application shutdown.
2025-06-03 16:51:38 [INFO] app.main:38 - lifespan(): Running shutdown tasks...
2025-06-03 16:51:38 [INFO] uvicorn.error:76 - shutdown(): Application shutdown complete.
2025-06-03 16:51:38 [INFO] uvicorn.error:93 - _serve(): Finished server process [6026]
2025-06-03 16:51:43 [INFO] app.logger_config:153 - configure_logging(): Logging configured - Level: INFO, Format: detailed, File: True
2025-06-03 16:51:48 [INFO] app.main:79 - <module>(): ✅ Critical routes registered: taxation, payout, user management, reimbursement, attendance, public holidays, employee leave, company leave, project attributes
2025-06-03 16:51:48 [INFO] uvicorn.error:83 - _serve(): Started server process [6038]
2025-06-03 16:51:48 [INFO] uvicorn.error:48 - startup(): Waiting for application startup.
2025-06-03 16:51:48 [INFO] app.main:36 - lifespan(): Running startup tasks...
2025-06-03 16:51:48 [INFO] uvicorn.error:62 - startup(): Application startup complete.
2025-06-03 16:51:54 [INFO] app.logger_config:153 - configure_logging(): Logging configured - Level: INFO, Format: detailed, File: True
2025-06-03 16:52:02 [INFO] app.main:79 - <module>(): ✅ Critical routes registered: taxation, payout, user management, reimbursement, attendance, public holidays, employee leave, company leave, project attributes
2025-06-03 16:52:02 [INFO] uvicorn.error:83 - _serve(): Started server process [6052]
2025-06-03 16:52:02 [INFO] uvicorn.error:48 - startup(): Waiting for application startup.
2025-06-03 16:52:02 [INFO] app.main:36 - lifespan(): Running startup tasks...
2025-06-03 16:52:02 [INFO] uvicorn.error:62 - startup(): Application startup complete.
2025-06-03 16:52:08 [INFO] app.logger_config:153 - configure_logging(): Logging configured - Level: INFO, Format: detailed, File: True
2025-06-03 16:52:14 [INFO] app.main:79 - <module>(): ✅ Critical routes registered: taxation, payout, user management, reimbursement, attendance, public holidays, employee leave, company leave, project attributes
2025-06-03 16:52:14 [INFO] uvicorn.error:83 - _serve(): Started server process [6071]
2025-06-03 16:52:14 [INFO] uvicorn.error:48 - startup(): Waiting for application startup.
2025-06-03 16:52:14 [INFO] app.main:36 - lifespan(): Running startup tasks...
2025-06-03 16:52:14 [INFO] uvicorn.error:62 - startup(): Application startup complete.
2025-06-03 16:52:20 [INFO] app.logger_config:153 - configure_logging(): Logging configured - Level: INFO, Format: detailed, File: True
2025-06-03 16:52:25 [INFO] app.main:79 - <module>(): ✅ Critical routes registered: taxation, payout, user management, reimbursement, attendance, public holidays, employee leave, company leave, project attributes
2025-06-03 16:52:25 [INFO] uvicorn.error:83 - _serve(): Started server process [6086]
2025-06-03 16:52:25 [INFO] uvicorn.error:48 - startup(): Waiting for application startup.
2025-06-03 16:52:25 [INFO] app.main:36 - lifespan(): Running startup tasks...
2025-06-03 16:52:25 [INFO] uvicorn.error:62 - startup(): Application startup complete.
2025-06-03 16:52:28 [INFO] app.logger_config:153 - configure_logging(): Logging configured - Level: INFO, Format: detailed, File: True
2025-06-03 16:52:33 [INFO] app.main:79 - <module>(): ✅ Critical routes registered: taxation, payout, user management, reimbursement, attendance, public holidays, employee leave, company leave, project attributes
2025-06-03 16:52:33 [INFO] uvicorn.error:83 - _serve(): Started server process [6100]
2025-06-03 16:52:33 [INFO] uvicorn.error:48 - startup(): Waiting for application startup.
2025-06-03 16:52:33 [INFO] app.main:36 - lifespan(): Running startup tasks...
2025-06-03 16:52:33 [INFO] uvicorn.error:62 - startup(): Application startup complete.
2025-06-03 17:08:29 [INFO] uvicorn.error:263 - shutdown(): Shutting down
2025-06-03 17:08:29 [INFO] uvicorn.error:67 - shutdown(): Waiting for application shutdown.
2025-06-03 17:08:29 [INFO] app.main:38 - lifespan(): Running shutdown tasks...
2025-06-03 17:08:29 [INFO] uvicorn.error:76 - shutdown(): Application shutdown complete.
2025-06-03 17:08:29 [INFO] uvicorn.error:93 - _serve(): Finished server process [6100]
2025-06-03 17:08:35 [INFO] app.logger_config:153 - configure_logging(): Logging configured - Level: INFO, Format: detailed, File: True
2025-06-03 17:08:46 [INFO] app.main:79 - <module>(): ✅ Critical routes registered: taxation, payout, user management, reimbursement, attendance, public holidays, employee leave, company leave, project attributes
2025-06-03 17:08:46 [INFO] uvicorn.error:83 - _serve(): Started server process [6180]
2025-06-03 17:08:46 [INFO] uvicorn.error:48 - startup(): Waiting for application startup.
2025-06-03 17:08:46 [INFO] app.main:36 - lifespan(): Running startup tasks...
2025-06-03 17:08:46 [INFO] uvicorn.error:62 - startup(): Application startup complete.
2025-06-03 17:08:52 [INFO] app.logger_config:153 - configure_logging(): Logging configured - Level: INFO, Format: detailed, File: True
2025-06-03 17:09:00 [INFO] app.main:79 - <module>(): ✅ Critical routes registered: taxation, payout, user management, reimbursement, attendance, public holidays, employee leave, company leave, project attributes
2025-06-03 17:09:00 [INFO] uvicorn.error:83 - _serve(): Started server process [6206]
2025-06-03 17:09:00 [INFO] uvicorn.error:48 - startup(): Waiting for application startup.
2025-06-03 17:09:00 [INFO] app.main:36 - lifespan(): Running startup tasks...
2025-06-03 17:09:00 [INFO] uvicorn.error:62 - startup(): Application startup complete.
2025-06-03 17:09:05 [INFO] app.logger_config:153 - configure_logging(): Logging configured - Level: INFO, Format: detailed, File: True
2025-06-03 17:09:15 [INFO] app.main:79 - <module>(): ✅ Critical routes registered: taxation, payout, user management, reimbursement, attendance, public holidays, employee leave, company leave, project attributes
2025-06-03 17:09:15 [INFO] uvicorn.error:83 - _serve(): Started server process [6221]
2025-06-03 17:09:15 [INFO] uvicorn.error:48 - startup(): Waiting for application startup.
2025-06-03 17:09:15 [INFO] app.main:36 - lifespan(): Running startup tasks...
2025-06-03 17:09:15 [INFO] uvicorn.error:62 - startup(): Application startup complete.
2025-06-03 17:09:22 [INFO] app.logger_config:153 - configure_logging(): Logging configured - Level: INFO, Format: detailed, File: True
2025-06-03 17:09:29 [INFO] app.main:79 - <module>(): ✅ Critical routes registered: taxation, payout, user management, reimbursement, attendance, public holidays, employee leave, company leave, project attributes
2025-06-03 17:09:30 [INFO] uvicorn.error:83 - _serve(): Started server process [6241]
2025-06-03 17:09:30 [INFO] uvicorn.error:48 - startup(): Waiting for application startup.
2025-06-03 17:09:30 [INFO] app.main:36 - lifespan(): Running startup tasks...
2025-06-03 17:09:30 [INFO] uvicorn.error:62 - startup(): Application startup complete.
2025-06-03 17:09:36 [INFO] app.logger_config:153 - configure_logging(): Logging configured - Level: INFO, Format: detailed, File: True
2025-06-03 17:09:44 [INFO] app.main:79 - <module>(): ✅ Critical routes registered: taxation, payout, user management, reimbursement, attendance, public holidays, employee leave, company leave, project attributes
2025-06-03 17:09:44 [INFO] uvicorn.error:83 - _serve(): Started server process [6267]
2025-06-03 17:09:44 [INFO] uvicorn.error:48 - startup(): Waiting for application startup.
2025-06-03 17:09:44 [INFO] app.main:36 - lifespan(): Running startup tasks...
2025-06-03 17:09:44 [INFO] uvicorn.error:62 - startup(): Application startup complete.
2025-06-03 17:09:51 [INFO] app.logger_config:153 - configure_logging(): Logging configured - Level: INFO, Format: detailed, File: True
2025-06-03 17:09:59 [INFO] app.main:79 - <module>(): ✅ Critical routes registered: taxation, payout, user management, reimbursement, attendance, public holidays, employee leave, company leave, project attributes
2025-06-03 17:09:59 [INFO] uvicorn.error:83 - _serve(): Started server process [6284]
2025-06-03 17:09:59 [INFO] uvicorn.error:48 - startup(): Waiting for application startup.
2025-06-03 17:09:59 [INFO] app.main:36 - lifespan(): Running startup tasks...
2025-06-03 17:09:59 [INFO] uvicorn.error:62 - startup(): Application startup complete.
2025-06-03 17:10:04 [INFO] app.logger_config:153 - configure_logging(): Logging configured - Level: INFO, Format: detailed, File: True
2025-06-03 17:10:10 [INFO] app.main:79 - <module>(): ✅ Critical routes registered: taxation, payout, user management, reimbursement, attendance, public holidays, employee leave, company leave, project attributes
2025-06-03 17:10:10 [INFO] uvicorn.error:83 - _serve(): Started server process [6303]
2025-06-03 17:10:10 [INFO] uvicorn.error:48 - startup(): Waiting for application startup.
2025-06-03 17:10:10 [INFO] app.main:36 - lifespan(): Running startup tasks...
2025-06-03 17:10:10 [INFO] uvicorn.error:62 - startup(): Application startup complete.
2025-06-03 17:10:15 [INFO] app.logger_config:153 - configure_logging(): Logging configured - Level: INFO, Format: detailed, File: True
2025-06-03 17:10:26 [INFO] app.main:79 - <module>(): ✅ Critical routes registered: taxation, payout, user management, reimbursement, attendance, public holidays, employee leave, company leave, project attributes
2025-06-03 17:10:27 [INFO] uvicorn.error:83 - _serve(): Started server process [6316]
2025-06-03 17:10:27 [INFO] uvicorn.error:48 - startup(): Waiting for application startup.
2025-06-03 17:10:27 [INFO] app.main:36 - lifespan(): Running startup tasks...
2025-06-03 17:10:27 [INFO] uvicorn.error:62 - startup(): Application startup complete.
2025-06-03 17:10:31 [INFO] app.logger_config:153 - configure_logging(): Logging configured - Level: INFO, Format: detailed, File: True
2025-06-03 17:10:39 [INFO] app.main:79 - <module>(): ✅ Critical routes registered: taxation, payout, user management, reimbursement, attendance, public holidays, employee leave, company leave, project attributes
2025-06-03 17:10:39 [INFO] uvicorn.error:83 - _serve(): Started server process [6338]
2025-06-03 17:10:39 [INFO] uvicorn.error:48 - startup(): Waiting for application startup.
2025-06-03 17:10:39 [INFO] app.main:36 - lifespan(): Running startup tasks...
2025-06-03 17:10:39 [INFO] uvicorn.error:62 - startup(): Application startup complete.
2025-06-03 17:10:45 [INFO] app.logger_config:153 - configure_logging(): Logging configured - Level: INFO, Format: detailed, File: True
2025-06-03 17:10:54 [INFO] app.main:79 - <module>(): ✅ Critical routes registered: taxation, payout, user management, reimbursement, attendance, public holidays, employee leave, company leave, project attributes
2025-06-03 17:10:54 [INFO] uvicorn.error:83 - _serve(): Started server process [6359]
2025-06-03 17:10:54 [INFO] uvicorn.error:48 - startup(): Waiting for application startup.
2025-06-03 17:10:54 [INFO] app.main:36 - lifespan(): Running startup tasks...
2025-06-03 17:10:54 [INFO] uvicorn.error:62 - startup(): Application startup complete.
2025-06-03 17:11:02 [INFO] app.logger_config:153 - configure_logging(): Logging configured - Level: INFO, Format: detailed, File: True
2025-06-03 17:11:09 [INFO] app.main:79 - <module>(): ✅ Critical routes registered: taxation, payout, user management, reimbursement, attendance, public holidays, employee leave, company leave, project attributes
2025-06-03 17:11:09 [INFO] uvicorn.error:83 - _serve(): Started server process [6376]
2025-06-03 17:11:09 [INFO] uvicorn.error:48 - startup(): Waiting for application startup.
2025-06-03 17:11:09 [INFO] app.main:36 - lifespan(): Running startup tasks...
2025-06-03 17:11:09 [INFO] uvicorn.error:62 - startup(): Application startup complete.
2025-06-03 17:11:13 [INFO] app.logger_config:153 - configure_logging(): Logging configured - Level: INFO, Format: detailed, File: True
2025-06-03 17:11:18 [INFO] app.main:79 - <module>(): ✅ Critical routes registered: taxation, payout, user management, reimbursement, attendance, public holidays, employee leave, company leave, project attributes
2025-06-03 17:11:18 [INFO] uvicorn.error:83 - _serve(): Started server process [6395]
2025-06-03 17:11:18 [INFO] uvicorn.error:48 - startup(): Waiting for application startup.
2025-06-03 17:11:18 [INFO] app.main:36 - lifespan(): Running startup tasks...
2025-06-03 17:11:18 [INFO] uvicorn.error:62 - startup(): Application startup complete.
2025-06-03 17:11:25 [INFO] uvicorn.error:263 - shutdown(): Shutting down
2025-06-03 17:11:25 [INFO] uvicorn.error:67 - shutdown(): Waiting for application shutdown.
2025-06-03 17:11:25 [INFO] app.main:38 - lifespan(): Running shutdown tasks...
2025-06-03 17:11:25 [INFO] uvicorn.error:76 - shutdown(): Application shutdown complete.
2025-06-03 17:11:25 [INFO] uvicorn.error:93 - _serve(): Finished server process [6395]
2025-06-03 17:11:33 [INFO] app.logger_config:153 - configure_logging(): Logging configured - Level: INFO, Format: detailed, File: True
2025-06-03 17:11:40 [INFO] app.main:79 - <module>(): ✅ Critical routes registered: taxation, payout, user management, reimbursement, attendance, public holidays, employee leave, company leave, project attributes
2025-06-03 17:11:40 [INFO] uvicorn.error:83 - _serve(): Started server process [6406]
2025-06-03 17:11:40 [INFO] uvicorn.error:48 - startup(): Waiting for application startup.
2025-06-03 17:11:40 [INFO] app.main:36 - lifespan(): Running startup tasks...
2025-06-03 17:11:40 [INFO] uvicorn.error:62 - startup(): Application startup complete.
2025-06-03 17:11:48 [INFO] app.logger_config:153 - configure_logging(): Logging configured - Level: INFO, Format: detailed, File: True
2025-06-03 17:11:54 [INFO] app.main:79 - <module>(): ✅ Critical routes registered: taxation, payout, user management, reimbursement, attendance, public holidays, employee leave, company leave, project attributes
2025-06-03 17:11:54 [INFO] uvicorn.error:83 - _serve(): Started server process [6425]
2025-06-03 17:11:54 [INFO] uvicorn.error:48 - startup(): Waiting for application startup.
2025-06-03 17:11:54 [INFO] app.main:36 - lifespan(): Running startup tasks...
2025-06-03 17:11:54 [INFO] uvicorn.error:62 - startup(): Application startup complete.
2025-06-03 17:12:01 [INFO] app.logger_config:153 - configure_logging(): Logging configured - Level: INFO, Format: detailed, File: True
2025-06-03 17:12:10 [INFO] app.main:79 - <module>(): ✅ Critical routes registered: taxation, payout, user management, reimbursement, attendance, public holidays, employee leave, company leave, project attributes
2025-06-03 17:12:10 [INFO] uvicorn.error:83 - _serve(): Started server process [6440]
2025-06-03 17:12:10 [INFO] uvicorn.error:48 - startup(): Waiting for application startup.
2025-06-03 17:12:10 [INFO] app.main:36 - lifespan(): Running startup tasks...
2025-06-03 17:12:10 [INFO] uvicorn.error:62 - startup(): Application startup complete.
2025-06-03 17:12:14 [INFO] app.logger_config:153 - configure_logging(): Logging configured - Level: INFO, Format: detailed, File: True
2025-06-03 17:12:20 [INFO] app.main:79 - <module>(): ✅ Critical routes registered: taxation, payout, user management, reimbursement, attendance, public holidays, employee leave, company leave, project attributes
2025-06-03 17:12:20 [INFO] uvicorn.error:83 - _serve(): Started server process [6453]
2025-06-03 17:12:20 [INFO] uvicorn.error:48 - startup(): Waiting for application startup.
2025-06-03 17:12:20 [INFO] app.main:36 - lifespan(): Running startup tasks...
2025-06-03 17:12:20 [INFO] uvicorn.error:62 - startup(): Application startup complete.
2025-06-03 17:12:25 [INFO] uvicorn.error:263 - shutdown(): Shutting down
2025-06-03 17:12:25 [INFO] uvicorn.error:67 - shutdown(): Waiting for application shutdown.
2025-06-03 17:12:25 [INFO] app.main:38 - lifespan(): Running shutdown tasks...
2025-06-03 17:12:25 [INFO] uvicorn.error:76 - shutdown(): Application shutdown complete.
2025-06-03 17:12:25 [INFO] uvicorn.error:93 - _serve(): Finished server process [6453]
2025-06-03 17:12:30 [INFO] app.logger_config:153 - configure_logging(): Logging configured - Level: INFO, Format: detailed, File: True
2025-06-03 17:12:35 [INFO] app.main:79 - <module>(): ✅ Critical routes registered: taxation, payout, user management, reimbursement, attendance, public holidays, employee leave, company leave, project attributes
2025-06-03 17:12:35 [INFO] uvicorn.error:83 - _serve(): Started server process [6466]
2025-06-03 17:12:35 [INFO] uvicorn.error:48 - startup(): Waiting for application startup.
2025-06-03 17:12:35 [INFO] app.main:36 - lifespan(): Running startup tasks...
2025-06-03 17:12:35 [INFO] uvicorn.error:62 - startup(): Application startup complete.
2025-06-03 17:12:54 [INFO] uvicorn.error:263 - shutdown(): Shutting down
2025-06-03 17:12:54 [INFO] uvicorn.error:67 - shutdown(): Waiting for application shutdown.
2025-06-03 17:12:54 [INFO] app.main:38 - lifespan(): Running shutdown tasks...
2025-06-03 17:12:54 [INFO] uvicorn.error:76 - shutdown(): Application shutdown complete.
2025-06-03 17:12:54 [INFO] uvicorn.error:93 - _serve(): Finished server process [6466]
2025-06-03 17:13:00 [INFO] app.logger_config:153 - configure_logging(): Logging configured - Level: INFO, Format: detailed, File: True
2025-06-03 17:13:08 [INFO] app.main:79 - <module>(): ✅ Critical routes registered: taxation, payout, user management, reimbursement, attendance, public holidays, employee leave, company leave, project attributes
2025-06-03 17:13:08 [INFO] uvicorn.error:83 - _serve(): Started server process [6481]
2025-06-03 17:13:08 [INFO] uvicorn.error:48 - startup(): Waiting for application startup.
2025-06-03 17:13:08 [INFO] app.main:36 - lifespan(): Running startup tasks...
2025-06-03 17:13:08 [INFO] uvicorn.error:62 - startup(): Application startup complete.
2025-06-03 17:13:12 [INFO] app.logger_config:153 - configure_logging(): Logging configured - Level: INFO, Format: detailed, File: True
2025-06-03 17:13:21 [INFO] app.main:79 - <module>(): ✅ Critical routes registered: taxation, payout, user management, reimbursement, attendance, public holidays, employee leave, company leave, project attributes
2025-06-03 17:13:21 [INFO] uvicorn.error:83 - _serve(): Started server process [6500]
2025-06-03 17:13:21 [INFO] uvicorn.error:48 - startup(): Waiting for application startup.
2025-06-03 17:13:21 [INFO] app.main:36 - lifespan(): Running startup tasks...
2025-06-03 17:13:21 [INFO] uvicorn.error:62 - startup(): Application startup complete.
2025-06-03 17:13:26 [INFO] app.logger_config:153 - configure_logging(): Logging configured - Level: INFO, Format: detailed, File: True
2025-06-03 17:13:33 [INFO] app.main:79 - <module>(): ✅ Critical routes registered: taxation, payout, user management, reimbursement, attendance, public holidays, employee leave, company leave, project attributes
2025-06-03 17:13:33 [INFO] uvicorn.error:83 - _serve(): Started server process [6515]
2025-06-03 17:13:33 [INFO] uvicorn.error:48 - startup(): Waiting for application startup.
2025-06-03 17:13:33 [INFO] app.main:36 - lifespan(): Running startup tasks...
2025-06-03 17:13:33 [INFO] uvicorn.error:62 - startup(): Application startup complete.
2025-06-03 17:13:55 [INFO] uvicorn.error:263 - shutdown(): Shutting down
2025-06-03 17:13:56 [INFO] uvicorn.error:67 - shutdown(): Waiting for application shutdown.
2025-06-03 17:13:56 [INFO] app.main:38 - lifespan(): Running shutdown tasks...
2025-06-03 17:13:56 [INFO] uvicorn.error:76 - shutdown(): Application shutdown complete.
2025-06-03 17:13:56 [INFO] uvicorn.error:93 - _serve(): Finished server process [6515]
2025-06-03 17:14:02 [INFO] app.logger_config:153 - configure_logging(): Logging configured - Level: INFO, Format: detailed, File: True
2025-06-03 17:14:10 [INFO] app.main:79 - <module>(): ✅ Critical routes registered: taxation, payout, user management, reimbursement, attendance, public holidays, employee leave, company leave, project attributes
2025-06-03 17:14:10 [INFO] uvicorn.error:83 - _serve(): Started server process [6545]
2025-06-03 17:14:10 [INFO] uvicorn.error:48 - startup(): Waiting for application startup.
2025-06-03 17:14:10 [INFO] app.main:36 - lifespan(): Running startup tasks...
2025-06-03 17:14:10 [INFO] uvicorn.error:62 - startup(): Application startup complete.
2025-06-03 17:14:11 [INFO] uvicorn.error:263 - shutdown(): Shutting down
2025-06-03 17:14:11 [INFO] uvicorn.error:67 - shutdown(): Waiting for application shutdown.
2025-06-03 17:14:11 [INFO] app.main:38 - lifespan(): Running shutdown tasks...
2025-06-03 17:14:11 [INFO] uvicorn.error:76 - shutdown(): Application shutdown complete.
2025-06-03 17:14:11 [INFO] uvicorn.error:93 - _serve(): Finished server process [6545]
2025-06-03 17:14:15 [INFO] app.logger_config:153 - configure_logging(): Logging configured - Level: INFO, Format: detailed, File: True
2025-06-03 17:14:23 [INFO] app.main:79 - <module>(): ✅ Critical routes registered: taxation, payout, user management, reimbursement, attendance, public holidays, employee leave, company leave, project attributes
2025-06-03 17:14:23 [INFO] uvicorn.error:83 - _serve(): Started server process [6562]
2025-06-03 17:14:23 [INFO] uvicorn.error:48 - startup(): Waiting for application startup.
2025-06-03 17:14:23 [INFO] app.main:36 - lifespan(): Running startup tasks...
2025-06-03 17:14:23 [INFO] uvicorn.error:62 - startup(): Application startup complete.
2025-06-03 17:14:27 [INFO] app.logger_config:153 - configure_logging(): Logging configured - Level: INFO, Format: detailed, File: True
2025-06-03 17:14:34 [INFO] app.main:79 - <module>(): ✅ Critical routes registered: taxation, payout, user management, reimbursement, attendance, public holidays, employee leave, company leave, project attributes
2025-06-03 17:14:34 [INFO] uvicorn.error:83 - _serve(): Started server process [6575]
2025-06-03 17:14:34 [INFO] uvicorn.error:48 - startup(): Waiting for application startup.
2025-06-03 17:14:34 [INFO] app.main:36 - lifespan(): Running startup tasks...
2025-06-03 17:14:34 [INFO] uvicorn.error:62 - startup(): Application startup complete.
2025-06-03 17:14:41 [INFO] app.logger_config:153 - configure_logging(): Logging configured - Level: INFO, Format: detailed, File: True
2025-06-03 17:14:46 [INFO] app.main:79 - <module>(): ✅ Critical routes registered: taxation, payout, user management, reimbursement, attendance, public holidays, employee leave, company leave, project attributes
2025-06-03 17:14:46 [INFO] uvicorn.error:83 - _serve(): Started server process [6588]
2025-06-03 17:14:46 [INFO] uvicorn.error:48 - startup(): Waiting for application startup.
2025-06-03 17:14:46 [INFO] app.main:36 - lifespan(): Running startup tasks...
2025-06-03 17:14:46 [INFO] uvicorn.error:62 - startup(): Application startup complete.
2025-06-03 17:15:00 [INFO] app.logger_config:153 - configure_logging(): Logging configured - Level: INFO, Format: detailed, File: True
2025-06-03 17:15:05 [INFO] app.main:79 - <module>(): ✅ Critical routes registered: taxation, payout, user management, reimbursement, attendance, public holidays, employee leave, company leave, project attributes
2025-06-03 17:15:05 [INFO] uvicorn.error:83 - _serve(): Started server process [6646]
2025-06-03 17:15:05 [INFO] uvicorn.error:48 - startup(): Waiting for application startup.
2025-06-03 17:15:05 [INFO] app.main:36 - lifespan(): Running startup tasks...
2025-06-03 17:15:05 [INFO] uvicorn.error:62 - startup(): Application startup complete.
2025-06-03 18:15:10 [INFO] uvicorn.access:473 - send(): 127.0.0.1:52263 - "OPTIONS /api/v2/organisations?skip=0&limit=10 HTTP/1.1" 200
2025-06-03 18:15:10 [INFO] uvicorn.access:473 - send(): 127.0.0.1:52263 - "GET /api/v2/organisations?skip=0&limit=10 HTTP/1.1" 307
2025-06-03 18:15:10 [INFO] uvicorn.access:473 - send(): 127.0.0.1:52265 - "OPTIONS /api/v2/organisations?skip=0&limit=10 HTTP/1.1" 200
2025-06-03 18:15:10 [INFO] uvicorn.access:473 - send(): 127.0.0.1:52263 - "GET /api/v2/organisations?skip=0&limit=10 HTTP/1.1" 307
2025-06-03 18:15:10 [INFO] uvicorn.access:473 - send(): 127.0.0.1:52263 - "OPTIONS /api/v2/organisations/?skip=0&limit=10 HTTP/1.1" 200
2025-06-03 18:15:10 [INFO] uvicorn.access:473 - send(): 127.0.0.1:52265 - "OPTIONS /api/v2/organisations/?skip=0&limit=10 HTTP/1.1" 200
2025-06-03 18:15:10 [INFO] app.config.dependency_container:63 - initialize(): Initializing dependency container...
2025-06-03 18:15:10 [INFO] app.config.dependency_container:92 - _setup_infrastructure(): MongoDB connector configured with database: pms_global_database
2025-06-03 18:15:10 [INFO] app.config.dependency_container:93 - _setup_infrastructure(): MongoDB connection will be established lazily when first needed
2025-06-03 18:15:10 [INFO] app.config.dependency_container:142 - _setup_repositories(): Repositories initialized with MongoDB configuration
2025-06-03 18:15:10 [INFO] app.config.dependency_container:175 - _setup_services(): Services initialized
2025-06-03 18:15:10 [INFO] app.config.dependency_container:180 - _setup_controllers(): Controllers setup deferred
2025-06-03 18:15:10 [INFO] app.config.dependency_container:72 - initialize(): Dependency container initialized successfully
2025-06-03 18:15:10 [INFO] app.config.dependency_container:712 - get_organisation_controller(): Organisation controller initialized with MongoDBOrganisationRepository
2025-06-03 18:15:10 [INFO] app.api.controllers.organisation_controller:68 - list_organisations(): Listing organisations with filters
2025-06-03 18:15:10 [INFO] app.application.use_cases.organisation.list_organisations_use_case:57 - execute(): Listing organisations with filters: OrganisationSearchFiltersDTO(name=None, organisation_type=None, status=None, city=None, state=None, country=None, min_employee_strength=None, max_employee_strength=None, has_available_capacity=None, is_gst_registered=None, created_after=None, created_before=None, page=1, page_size=10, sort_by='created_at', sort_order='desc')
2025-06-03 18:15:11 [INFO] app.infrastructure.database.mongodb_connector:69 - connect(): MongoDB connection established successfully
2025-06-03 18:15:11 [INFO] app.infrastructure.repositories.mongodb_organisation_repository:98 - _get_collection(): MongoDB connection established successfully in current event loop
2025-06-03 18:15:11 [INFO] app.application.use_cases.organisation.list_organisations_use_case:89 - execute(): Listed 0 organisations (total: 0)
2025-06-03 18:15:11 [INFO] uvicorn.access:473 - send(): 127.0.0.1:52267 - "GET /api/v2/organisations/?skip=0&limit=10 HTTP/1.1" 200
2025-06-03 18:15:11 [INFO] app.api.controllers.organisation_controller:68 - list_organisations(): Listing organisations with filters
2025-06-03 18:15:11 [INFO] app.application.use_cases.organisation.list_organisations_use_case:57 - execute(): Listing organisations with filters: OrganisationSearchFiltersDTO(name=None, organisation_type=None, status=None, city=None, state=None, country=None, min_employee_strength=None, max_employee_strength=None, has_available_capacity=None, is_gst_registered=None, created_after=None, created_before=None, page=1, page_size=10, sort_by='created_at', sort_order='desc')
2025-06-03 18:15:12 [INFO] app.application.use_cases.organisation.list_organisations_use_case:89 - execute(): Listed 0 organisations (total: 0)
2025-06-03 18:15:12 [INFO] uvicorn.access:473 - send(): 127.0.0.1:52265 - "GET /api/v2/organisations/?skip=0&limit=10 HTTP/1.1" 200
